[2025-02-28T18:20:40.446261+00:00] request_logger.INFO: GET: /staffs took 87.74 ms [] []
[2025-02-28T18:20:51.469650+00:00] request_logger.INFO: GET: /staffs took 90.47 ms [] []
[2025-02-28T18:21:19.355984+00:00] request_logger.INFO: GET: /staffs took 105.96 ms [] []
[2025-02-28T18:23:55.357167+00:00] request_logger.INFO: GET: /staffs took 101.72 ms [] []
[2025-02-28T18:23:57.375216+00:00] request_logger.INFO: GET: /staffs took 78.74 ms [] []
[2025-02-28T18:23:58.190824+00:00] request_logger.INFO: GET: /staffs took 59.22 ms [] []
[2025-02-28T18:24:02.431739+00:00] request_logger.INFO: GET: /staffs took 72.65 ms [] []
[2025-02-28T18:24:12.450032+00:00] request_logger.INFO: GET: /staffs took 89.05 ms [] []
[2025-02-28T18:24:29.455659+00:00] request_logger.INFO: GET: /staffs took 85.15 ms [] []
[2025-02-28T18:24:37.789585+00:00] request_logger.INFO: GET: /staffs took 89.4 ms [] []
[2025-02-28T18:24:40.118436+00:00] request_logger.INFO: GET: /staffs took 80.4 ms [] []
[2025-02-28T18:25:26.684403+00:00] request_logger.INFO: GET: /staffs took 115.67 ms [] []
[2025-02-28T18:25:31.328311+00:00] request_logger.INFO: GET: /staffs took 90.01 ms [] []
[2025-02-28T18:25:31.841021+00:00] request_logger.INFO: GET: /staffs took 67.48 ms [] []
[2025-02-28T18:26:09.755657+00:00] request_logger.INFO: GET: /staffs took 113.12 ms [] []
[2025-02-28T18:26:10.196826+00:00] request_logger.INFO: GET: /staffs took 70.8 ms [] []
[2025-02-28T18:26:15.532888+00:00] request_logger.INFO: GET: /staffs took 84.18 ms [] []
[2025-02-28T18:26:16.045543+00:00] request_logger.INFO: GET: /staffs took 83.72 ms [] []
[2025-02-28T18:26:51.296569+00:00] request_logger.INFO: GET: /staffs took 77.1 ms [] []
[2025-02-28T18:26:54.753806+00:00] request_logger.INFO: GET: /staffs took 88.58 ms [] []
[2025-02-28T18:26:55.702399+00:00] request_logger.INFO: GET: /staffs took 86.09 ms [] []
[2025-02-28T18:27:00.302414+00:00] request_logger.INFO: GET: /staffs took 73.4 ms [] []
[2025-02-28T18:27:03.255144+00:00] request_logger.INFO: GET: /staffs took 60.2 ms [] []
[2025-02-28T18:27:05.235435+00:00] request_logger.INFO: GET: /staffs took 62.05 ms [] []
[2025-02-28T18:27:05.683360+00:00] request_logger.INFO: GET: /staffs took 93.32 ms [] []
[2025-02-28T18:28:07.804034+00:00] request_logger.INFO: GET: / took 8.41 ms [] []
[2025-02-28T18:28:08.778609+00:00] request_logger.INFO: GET: / took 7.16 ms [] []
[2025-02-28T18:28:09.227479+00:00] request_logger.INFO: GET: /staffs took 80.71 ms [] []
[2025-02-28T18:28:10.147493+00:00] request_logger.INFO: GET: / took 8.06 ms [] []
[2025-02-28T18:28:10.560365+00:00] request_logger.INFO: GET: /staffs took 69.24 ms [] []
[2025-02-28T18:28:11.145201+00:00] request_logger.INFO: GET: /about took 6.49 ms [] []
[2025-02-28T18:28:11.682621+00:00] request_logger.INFO: GET: /staffs took 79.01 ms [] []
[2025-02-28T18:28:12.346524+00:00] request_logger.INFO: GET: /staffs took 66.89 ms [] []
[2025-02-28T18:28:12.883921+00:00] request_logger.INFO: GET: / took 7.85 ms [] []
[2025-02-28T18:28:13.242782+00:00] request_logger.INFO: GET: / took 7.91 ms [] []
[2025-02-28T18:28:13.937782+00:00] request_logger.INFO: GET: /staffs took 70.46 ms [] []
[2025-02-28T18:29:47.758737+00:00] request_logger.INFO: GET: /staffs took 93.67 ms [] []
[2025-02-28T18:35:56.565626+00:00] request_logger.INFO: GET: /staffs took 60.48 ms [] []
[2025-02-28T18:35:57.044829+00:00] request_logger.INFO: GET: /staffs took 64.79 ms [] []
[2025-02-28T18:36:10.204011+00:00] request_logger.INFO: GET: / took 7.58 ms [] []
[2025-02-28T18:36:11.020861+00:00] request_logger.INFO: GET: / took 6.64 ms [] []
[2025-02-28T18:36:11.423885+00:00] request_logger.INFO: GET: /staffs took 80.22 ms [] []
[2025-02-28T18:36:11.693085+00:00] request_logger.INFO: GET: /about took 6.26 ms [] []
[2025-02-28T18:36:12.148491+00:00] request_logger.INFO: GET: /contact took 6.25 ms [] []
[2025-02-28T18:36:12.484856+00:00] request_logger.INFO: GET: /about took 6.35 ms [] []
[2025-02-28T18:36:12.758248+00:00] request_logger.INFO: GET: / took 6.91 ms [] []
[2025-02-28T18:36:13.219856+00:00] request_logger.INFO: GET: /staffs took 83.63 ms [] []
[2025-02-28T18:36:13.558938+00:00] request_logger.INFO: GET: /staffs took 79.51 ms [] []
[2025-02-28T18:36:16.158442+00:00] request_logger.INFO: GET: /staffs took 56.15 ms [] []
[2025-02-28T18:36:17.053124+00:00] request_logger.INFO: GET: /staffs took 94.37 ms [] []
[2025-02-28T18:36:17.489895+00:00] request_logger.INFO: GET: /staffs took 115.67 ms [] []
[2025-02-28T18:36:19.894370+00:00] request_logger.INFO: GET: / took 7.47 ms [] []
[2025-02-28T18:36:20.861929+00:00] request_logger.INFO: GET: /staffs took 53.23 ms [] []
[2025-02-28T18:36:21.166562+00:00] request_logger.INFO: GET: /about took 6.64 ms [] []
[2025-02-28T18:36:21.717755+00:00] request_logger.INFO: GET: /staffs took 53.76 ms [] []
[2025-02-28T18:36:21.959283+00:00] request_logger.INFO: GET: / took 7.82 ms [] []
[2025-02-28T18:36:22.319120+00:00] request_logger.INFO: GET: /staffs took 79.98 ms [] []
[2025-02-28T18:36:22.718837+00:00] request_logger.INFO: GET: /about took 7.94 ms [] []
[2025-02-28T18:36:23.471083+00:00] request_logger.INFO: GET: / took 7.18 ms [] []
[2025-02-28T18:36:32.608216+00:00] request_logger.INFO: GET: / took 8.56 ms [] []
[2025-02-28T18:36:34.253026+00:00] request_logger.INFO: GET: /staffs took 94.37 ms [] []
[2025-02-28T18:36:42.078582+00:00] request_logger.INFO: GET: /staffs took 81.06 ms [] []
[2025-02-28T18:36:42.776263+00:00] request_logger.INFO: GET: /staffs took 89.22 ms [] []
[2025-02-28T18:36:52.131765+00:00] request_logger.INFO: GET: /staffs took 78.6 ms [] []
[2025-02-28T18:36:52.596800+00:00] request_logger.INFO: GET: /staffs took 88.2 ms [] []
[2025-02-28T18:37:12.645301+00:00] request_logger.INFO: GET: /staffs took 77.08 ms [] []
[2025-02-28T18:37:31.175045+00:00] request_logger.INFO: GET: /staffs took 55.28 ms [] []
[2025-02-28T18:37:34.942294+00:00] request_logger.INFO: GET: /staffs took 88.5 ms [] []
[2025-02-28T18:37:35.177782+00:00] request_logger.INFO: GET: /staffs took 92.22 ms [] []
[2025-02-28T18:37:36.692037+00:00] request_logger.INFO: GET: /staffs took 67.56 ms [] []
[2025-02-28T18:37:36.910323+00:00] request_logger.INFO: GET: /staffs took 95.84 ms [] []
[2025-02-28T18:37:37.062297+00:00] request_logger.INFO: GET: /staffs took 83.68 ms [] []
[2025-02-28T18:37:37.203050+00:00] request_logger.INFO: GET: /staffs took 77.01 ms [] []
[2025-02-28T18:37:37.362874+00:00] request_logger.INFO: GET: /staffs took 78.33 ms [] []
[2025-02-28T18:37:39.871964+00:00] request_logger.INFO: GET: /staffs took 87.59 ms [] []
[2025-02-28T18:37:40.234901+00:00] request_logger.INFO: GET: /staffs took 95.09 ms [] []
[2025-02-28T18:37:47.709504+00:00] request_logger.INFO: GET: /staffs took 80.21 ms [] []
[2025-02-28T18:37:50.828134+00:00] request_logger.INFO: GET: /staffs took 82.96 ms [] []
[2025-02-28T18:37:52.215099+00:00] request_logger.INFO: GET: /staffs took 78.93 ms [] []
[2025-02-28T18:37:52.712235+00:00] request_logger.INFO: GET: /staffs took 89 ms [] []
[2025-02-28T18:38:00.208424+00:00] request_logger.INFO: GET: /staffs took 53.71 ms [] []
[2025-02-28T18:38:55.024344+00:00] request_logger.INFO: GET: /staffs took 117.6 ms [] []
[2025-02-28T18:39:48.666057+00:00] request_logger.INFO: GET: /staffs took 105.73 ms [] []
[2025-02-28T18:39:49.247009+00:00] request_logger.INFO: GET: /staffs took 75.81 ms [] []
[2025-02-28T18:39:55.688706+00:00] request_logger.INFO: GET: /staffs took 79.78 ms [] []
[2025-02-28T18:39:56.109728+00:00] request_logger.INFO: GET: /staffs took 87.52 ms [] []
[2025-02-28T18:39:59.864215+00:00] request_logger.INFO: GET: /staffs took 56.89 ms [] []
[2025-02-28T18:40:15.643373+00:00] request_logger.INFO: GET: /staffs took 127.48 ms [] []
[2025-02-28T18:40:18.072011+00:00] request_logger.INFO: GET: /staffs took 83.36 ms [] []
[2025-02-28T18:40:19.216656+00:00] request_logger.INFO: GET: /staffs took 91.57 ms [] []
[2025-02-28T18:40:19.821441+00:00] request_logger.INFO: GET: /staffs took 85.39 ms [] []
[2025-02-28T18:40:32.825884+00:00] request_logger.INFO: GET: /staffs took 143.82 ms [] []
[2025-02-28T18:44:10.696448+00:00] request_logger.INFO: GET: /staffs/50019/update took 5.94 ms [] []
[2025-02-28T18:44:11.708692+00:00] request_logger.INFO: GET: /staffs took 77.58 ms [] []
[2025-02-28T18:44:12.486969+00:00] request_logger.INFO: GET: /staffs took 86.51 ms [] []
[2025-02-28T18:45:30.818823+00:00] request_logger.INFO: GET: / took 31.34 ms [] []
[2025-02-28T18:45:31.303901+00:00] request_logger.INFO: GET: /staffs took 87.65 ms [] []
[2025-02-28T18:49:45.075372+00:00] request_logger.INFO: GET: /staffs took 89.13 ms [] []
[2025-02-28T18:49:45.665887+00:00] request_logger.INFO: GET: /staffs took 69.48 ms [] []
[2025-02-28T18:49:59.350679+00:00] request_logger.INFO: GET: /staffs took 69.61 ms [] []
[2025-02-28T18:51:12.999018+00:00] request_logger.INFO: GET: /staffs took 62.55 ms [] []
[2025-02-28T18:51:13.527440+00:00] request_logger.INFO: GET: /staffs took 91.21 ms [] []
[2025-02-28T18:52:05.088144+00:00] request_logger.INFO: GET: /staffs took 70.14 ms [] []
[2025-02-28T18:52:05.896272+00:00] request_logger.INFO: GET: /staffs took 53.24 ms [] []
[2025-02-28T18:52:41.731437+00:00] request_logger.INFO: GET: /staffs took 67.05 ms [] []
[2025-02-28T18:52:43.158927+00:00] request_logger.INFO: GET: /staffs took 87.65 ms [] []
[2025-02-28T18:52:43.861790+00:00] request_logger.INFO: GET: /staffs took 81 ms [] []
[2025-02-28T18:52:44.030681+00:00] request_logger.INFO: GET: /staffs took 80.87 ms [] []
[2025-02-28T18:52:44.172315+00:00] request_logger.INFO: GET: /staffs took 71.24 ms [] []
[2025-02-28T18:52:44.339825+00:00] request_logger.INFO: GET: /staffs took 69.49 ms [] []
[2025-02-28T18:52:49.729976+00:00] request_logger.INFO: GET: /staffs took 54.97 ms [] []
[2025-02-28T19:07:25.115155+00:00] request_logger.INFO: GET: /staffs took 94.1 ms [] []
[2025-02-28T19:07:26.117428+00:00] request_logger.INFO: GET: /staffs took 76.69 ms [] []
[2025-02-28T19:07:28.040632+00:00] request_logger.INFO: GET: /staffs took 84.04 ms [] []
[2025-02-28T19:07:34.081871+00:00] request_logger.INFO: GET: /staffs took 104.86 ms [] []
[2025-02-28T19:07:44.005324+00:00] request_logger.INFO: GET: /staffs took 101.67 ms [] []
[2025-02-28T19:07:44.416981+00:00] request_logger.INFO: GET: /staffs took 64.37 ms [] []
[2026-06-21T09:00:40.444694+00:00] request_logger.INFO: GET: / took 1260.03 ms [] []
[2026-06-21T09:00:43.889336+00:00] request_logger.INFO: GET: /about took 7.49 ms [] []
[2026-06-21T09:00:45.157128+00:00] request_logger.INFO: GET: /contact took 3.82 ms [] []
[2026-06-21T09:00:46.113044+00:00] request_logger.INFO: GET: / took 4.09 ms [] []
[2026-06-21T09:01:16.586168+00:00] request_logger.INFO: GET: / took 4.49 ms [] []
[2026-06-21T09:07:37.530058+00:00] request_logger.INFO: GET: /staffs took 49.49 ms [] []
[2026-06-21T09:07:45.412139+00:00] request_logger.INFO: GET: /staffs took 21.6 ms [] []
[2026-06-21T09:07:45.870318+00:00] request_logger.INFO: GET: /staffs took 33.01 ms [] []
[2026-06-21T09:07:46.901216+00:00] request_logger.INFO: GET: /staffs took 27.14 ms [] []
[2026-06-21T09:07:47.423684+00:00] request_logger.INFO: GET: /about took 7.31 ms [] []
[2026-06-21T09:07:48.105464+00:00] request_logger.INFO: GET: /contact took 2.17 ms [] []
[2026-06-21T09:07:50.705804+00:00] request_logger.INFO: GET: /contact took 3.35 ms [] []
[2026-06-21T09:07:51.188623+00:00] request_logger.INFO: GET: /contact took 2.67 ms [] []
[2026-06-21T09:07:52.174924+00:00] request_logger.INFO: GET: / took 4.33 ms [] []
[2026-06-21T09:07:52.433691+00:00] request_logger.INFO: GET: / took 2.03 ms [] []
[2026-06-21T09:07:52.718360+00:00] request_logger.INFO: GET: / took 1.75 ms [] []
[2026-06-21T09:10:05.064971+00:00] request_logger.INFO: GET: / took 5.5 ms [] []
[2026-06-21T09:15:05.766465+00:00] request_logger.INFO: GET: / took 4.76 ms [] []
[2026-06-21T09:15:06.718953+00:00] request_logger.INFO: GET: /staffs took 28.58 ms [] []
[2026-06-21T09:15:07.381053+00:00] request_logger.INFO: GET: /staffs took 5.27 ms [] []
[2026-06-21T09:20:43.558114+00:00] request_logger.INFO: GET: /staffs took 10.69 ms [] []
[2026-06-21T09:20:44.414662+00:00] request_logger.INFO: GET: /staffs took 43.41 ms [] []
[2026-06-21T09:21:58.843830+00:00] request_logger.INFO: GET: /staffs took 24.8 ms [] []
[2026-06-21T09:21:59.602529+00:00] request_logger.INFO: GET: /staffs took 22.04 ms [] []
[2026-06-21T09:22:00.481476+00:00] request_logger.INFO: GET: /about took 2.41 ms [] []
[2026-06-21T09:22:01.118702+00:00] request_logger.INFO: GET: /contact took 1.98 ms [] []
[2026-06-21T09:22:01.536846+00:00] request_logger.INFO: GET: / took 2.66 ms [] []
[2026-06-21T09:22:02.343536+00:00] request_logger.INFO: GET: / took 1.78 ms [] []
[2026-06-21T09:22:02.729227+00:00] request_logger.INFO: GET: /staffs took 33.34 ms [] []
[2026-06-21T09:22:03.481438+00:00] request_logger.INFO: GET: / took 2.3 ms [] []
[2026-06-21T10:11:13.217473+00:00] request_logger.INFO: GET: / took 24.55 ms [] []
[2026-06-21T10:11:14.490245+00:00] request_logger.INFO: GET: /staffs took 74.34 ms [] []
[2026-06-21T10:11:16.811941+00:00] request_logger.INFO: GET: /staffs took 60.01 ms [] []
[2026-06-21T10:11:18.073777+00:00] request_logger.INFO: GET: /staffs took 38.72 ms [] []
[2026-06-21T10:11:21.721132+00:00] request_logger.INFO: GET: /staffs took 21.24 ms [] []
[2026-06-21T10:11:26.097297+00:00] request_logger.INFO: GET: /staffs took 21.98 ms [] []
[2026-06-21T10:11:33.789091+00:00] request_logger.INFO: GET: /staffs took 42.27 ms [] []
[2026-06-21T10:11:37.051137+00:00] request_logger.INFO: GET: /staffs took 42.95 ms [] []
[2026-06-21T10:11:40.799986+00:00] request_logger.INFO: GET: /staffs took 43.3 ms [] []
[2026-06-21T10:11:43.119032+00:00] request_logger.INFO: GET: /staffs took 23.3 ms [] []
[2026-06-21T10:11:46.016221+00:00] request_logger.INFO: GET: /staffs took 43.71 ms [] []
[2026-06-21T10:11:51.238413+00:00] request_logger.INFO: GET: /staffs took 42.9 ms [] []
[2026-06-21T10:11:52.761475+00:00] request_logger.INFO: GET: /staffs took 40.2 ms [] []
[2026-06-21T10:11:53.403068+00:00] request_logger.INFO: GET: /staffs took 20.11 ms [] []
[2026-06-21T10:11:53.867138+00:00] request_logger.INFO: GET: /about took 2.92 ms [] []
[2026-06-21T10:11:54.432692+00:00] request_logger.INFO: GET: /contact took 20.92 ms [] []
[2026-06-21T10:11:58.838590+00:00] request_logger.INFO: GET: /contact took 3.27 ms [] []
[2026-06-21T10:11:59.171448+00:00] request_logger.INFO: GET: /contact took 1.81 ms [] []
[2026-06-21T10:12:00.262063+00:00] request_logger.INFO: GET: / took 1.82 ms [] []
[2026-06-21T10:12:00.647745+00:00] request_logger.INFO: GET: / took 2.48 ms [] []
[2026-06-21T10:12:00.808474+00:00] request_logger.INFO: GET: / took 1.62 ms [] []
[2026-06-21T10:12:00.967337+00:00] request_logger.INFO: GET: / took 2.16 ms [] []
[2026-06-21T10:12:01.119499+00:00] request_logger.INFO: GET: / took 2.99 ms [] []
[2026-06-21T10:12:01.280885+00:00] request_logger.INFO: GET: / took 2.16 ms [] []
[2026-06-21T10:12:01.421710+00:00] request_logger.INFO: GET: / took 1.55 ms [] []
[2026-06-21T10:12:02.101845+00:00] request_logger.INFO: GET: /staffs took 25.01 ms [] []
[2026-06-21T10:12:02.797620+00:00] request_logger.INFO: GET: /about took 1.65 ms [] []
[2026-06-21T10:12:03.381366+00:00] request_logger.INFO: GET: /staffs took 14.78 ms [] []
[2026-06-21T10:12:07.051490+00:00] request_logger.INFO: GET: /staffs took 21.05 ms [] []
[2026-06-21T10:12:08.910059+00:00] request_logger.INFO: GET: /staffs took 26.79 ms [] []
[2026-06-21T10:12:11.475837+00:00] request_logger.INFO: GET: /staffs took 4.14 ms [] []
[2026-06-21T10:12:13.328866+00:00] request_logger.INFO: GET: /staffs took 37.81 ms [] []
[2026-06-21T10:12:15.000770+00:00] request_logger.INFO: GET: /staffs took 42.69 ms [] []
[2026-06-21T10:12:15.582730+00:00] request_logger.INFO: GET: /staffs took 28.71 ms [] []
[2026-06-21T10:12:16.381379+00:00] request_logger.INFO: GET: /contact took 1.71 ms [] []
[2026-06-21T10:12:16.931100+00:00] request_logger.INFO: GET: /contact took 1.55 ms [] []
[2026-06-21T10:12:17.944769+00:00] request_logger.INFO: GET: / took 2.77 ms [] []
[2026-06-21T10:12:18.195248+00:00] request_logger.INFO: GET: / took 1.83 ms [] []
[2026-06-21T10:42:37.418106+00:00] request_logger.INFO: GET: / took 8.74 ms [] []
[2026-06-21T10:42:37.991641+00:00] request_logger.INFO: GET: / took 5.38 ms [] []
[2026-06-21T10:42:38.163882+00:00] request_logger.INFO: GET: / took 2.65 ms [] []
[2026-06-21T10:42:39.069966+00:00] request_logger.INFO: GET: / took 1.65 ms [] []
[2026-06-21T10:42:40.158054+00:00] request_logger.INFO: GET: /admin/login took 3.66 ms [] []
[2026-06-21T10:42:46.380858+00:00] request_logger.INFO: GET: /admin took 29.16 ms [] []
[2026-06-21T10:42:48.595613+00:00] request_logger.INFO: GET: /admin took 20.14 ms [] []
[2026-06-21T10:42:49.185072+00:00] request_logger.INFO: GET: /admin took 21.76 ms [] []
[2026-06-21T10:42:49.397132+00:00] request_logger.INFO: GET: /admin took 43.06 ms [] []
[2026-06-21T10:42:49.518875+00:00] request_logger.INFO: GET: /admin took 34.77 ms [] []
[2026-06-21T10:42:51.123561+00:00] request_logger.INFO: GET: /staffs took 21.43 ms [] []
[2026-06-21T10:42:52.008598+00:00] request_logger.INFO: GET: / took 2.72 ms [] []
[2026-06-21T10:42:53.611291+00:00] request_logger.INFO: GET: /staffs took 5.64 ms [] []
[2026-06-21T10:42:54.395891+00:00] request_logger.INFO: GET: /staffs took 28.39 ms [] []
[2026-06-21T10:43:00.620182+00:00] request_logger.INFO: GET: /staffs took 22.1 ms [] []
[2026-06-21T10:43:01.678366+00:00] request_logger.INFO: GET: /admin took 25.06 ms [] []
[2026-06-21T10:43:02.966775+00:00] request_logger.INFO: GET: /admin took 31.78 ms [] []
[2026-06-21T10:43:03.335913+00:00] request_logger.INFO: GET: /admin took 5.47 ms [] []
[2026-06-21T10:43:03.628438+00:00] request_logger.INFO: GET: /admin took 39.54 ms [] []
[2026-06-21T10:43:03.811332+00:00] request_logger.INFO: GET: /admin took 36.84 ms [] []
[2026-06-21T10:43:04.896469+00:00] request_logger.INFO: GET: /admin took 30.88 ms [] []
[2026-06-21T10:43:06.064541+00:00] request_logger.INFO: GET: /staffs took 20.09 ms [] []
[2026-06-21T10:43:06.567321+00:00] request_logger.INFO: GET: / took 2.5 ms [] []
[2026-06-21T10:43:07.671073+00:00] request_logger.INFO: GET: /contact took 2.01 ms [] []
[2026-06-21T10:43:08.095293+00:00] request_logger.INFO: GET: /about took 1.95 ms [] []
[2026-06-21T10:43:08.591683+00:00] request_logger.INFO: GET: /staffs took 35.01 ms [] []
[2026-06-21T10:43:10.501758+00:00] request_logger.INFO: GET: /staffs took 33.7 ms [] []
[2026-06-21T10:43:10.745106+00:00] request_logger.INFO: GET: /staffs took 30.16 ms [] []
[2026-06-21T10:43:10.925446+00:00] request_logger.INFO: GET: /staffs took 43.43 ms [] []
[2026-06-21T10:43:11.410171+00:00] request_logger.INFO: GET: /staffs took 29.18 ms [] []
[2026-06-21T10:43:11.924672+00:00] request_logger.INFO: GET: /admin took 20.77 ms [] []
[2026-06-21T10:43:13.648870+00:00] request_logger.INFO: GET: /staffs took 12.32 ms [] []
[2026-06-21T10:43:18.815333+00:00] request_logger.INFO: GET: /staffs took 39.17 ms [] []
[2026-06-21T10:43:19.676942+00:00] request_logger.INFO: GET: /staffs took 29.6 ms [] []
[2026-06-21T10:43:20.644345+00:00] request_logger.INFO: GET: /admin took 38.7 ms [] []
[2026-06-21T10:43:20.934230+00:00] request_logger.INFO: GET: /admin took 29.21 ms [] []
[2026-06-21T10:43:42.587983+00:00] request_logger.INFO: GET: /admin took 46.42 ms [] []
[2026-06-21T10:48:47.677414+00:00] request_logger.INFO: GET: /admin took 46.15 ms [] []
[2026-06-21T10:49:21.519658+00:00] request_logger.INFO: GET: /admin took 33.4 ms [] []
[2026-06-21T10:49:54.003220+00:00] request_logger.INFO: GET: /admin took 34.48 ms [] []
[2026-06-21T10:49:55.693994+00:00] request_logger.INFO: GET: /staffs took 30.52 ms [] []
[2026-06-21T10:49:58.622248+00:00] request_logger.INFO: GET: / took 2.91 ms [] []
[2026-06-21T10:49:59.524428+00:00] request_logger.INFO: GET: /admin took 31.28 ms [] []
[2026-06-21T10:50:04.492216+00:00] request_logger.INFO: GET: /login took 16.76 ms [] []
[2026-06-21T10:50:05.927033+00:00] request_logger.INFO: POST: /login took 18.27 ms [] []
[2026-06-21T10:50:07.379870+00:00] request_logger.INFO: GET: /admin took 20.3 ms [] []
[2026-06-21T10:50:08.440752+00:00] request_logger.INFO: GET: /staffs took 23.77 ms [] []
[2026-06-21T10:50:08.864374+00:00] request_logger.INFO: GET: / took 2.59 ms [] []
[2026-06-21T10:50:09.563378+00:00] request_logger.INFO: GET: /admin/login took 4.58 ms [] []
[2026-06-21T10:50:12.230878+00:00] request_logger.INFO: GET: /admin/login took 2.02 ms [] []
[2026-06-21T10:50:13.472775+00:00] request_logger.INFO: GET: /admin/login took 1.93 ms [] []
[2026-06-21T10:53:53.909733+00:00] request_logger.INFO: GET: /admin/login took 5.88 ms [] []
[2026-06-21T10:53:57.971952+00:00] request_logger.INFO: GET: /about took 6.24 ms [] []
[2026-06-21T10:53:59.075351+00:00] request_logger.INFO: GET: /contact took 1.87 ms [] []
[2026-06-21T10:54:00.315438+00:00] request_logger.INFO: GET: /admin/login took 2.63 ms [] []
[2026-06-21T10:54:09.452411+00:00] request_logger.INFO: GET: /admin took 37.52 ms [] []
[2026-06-21T10:54:15.026427+00:00] request_logger.INFO: GET: /admin took 5.84 ms [] []
[2026-06-21T10:54:16.222069+00:00] request_logger.INFO: GET: /staffs took 42.84 ms [] []
[2026-06-21T10:54:17.411563+00:00] request_logger.INFO: GET: / took 2.08 ms [] []
[2026-06-21T10:54:19.180686+00:00] request_logger.INFO: GET: /about took 3.22 ms [] []
[2026-06-21T10:54:20.902358+00:00] request_logger.INFO: GET: /admin took 4.58 ms [] []
[2026-06-21T10:54:27.882264+00:00] request_logger.INFO: GET: /contact took 5.6 ms [] []
[2026-06-21T10:54:40.404403+00:00] request_logger.INFO: GET: /staffs took 44.05 ms [] []
[2026-06-21T10:54:40.959989+00:00] request_logger.INFO: GET: / took 3.4 ms [] []
[2026-06-21T10:54:44.945836+00:00] request_logger.INFO: GET: /admin/login took 18.37 ms [] []
[2026-06-21T10:54:51.221396+00:00] request_logger.INFO: GET: /admin/login took 2.89 ms [] []
[2026-06-21T10:54:52.521789+00:00] request_logger.INFO: GET: /about took 2.58 ms [] []
[2026-06-21T10:54:56.464618+00:00] request_logger.INFO: GET: /admin/login took 2.3 ms [] []
[2026-06-21T10:54:56.643978+00:00] request_logger.INFO: GET: /contact took 2.32 ms [] []
[2026-06-21T10:54:58.305412+00:00] request_logger.INFO: GET: / took 2.56 ms [] []
[2026-06-21T10:54:59.333377+00:00] request_logger.INFO: GET: /login took 2.45 ms [] []
[2026-06-21T10:55:01.299647+00:00] request_logger.INFO: POST: /login took 43.78 ms [] []
[2026-06-21T10:55:04.417943+00:00] request_logger.INFO: POST: /login took 23.92 ms [] []
[2026-06-21T10:55:05.695830+00:00] request_logger.INFO: GET: /login took 2 ms [] []
[2026-06-21T10:57:18.497228+00:00] request_logger.INFO: GET: /login took 6.19 ms [] []
[2026-06-21T10:57:19.817585+00:00] request_logger.INFO: GET: /admin/login took 4.07 ms [] []
[2026-06-21T10:57:24.617574+00:00] request_logger.INFO: GET: /admin took 32.8 ms [] []
[2026-06-21T10:57:26.430067+00:00] request_logger.INFO: GET: /admin took 29.46 ms [] []
[2026-06-21T10:57:28.447904+00:00] request_logger.INFO: GET: /staffs took 39.69 ms [] []
[2026-06-21T11:02:06.175374+00:00] request_logger.INFO: GET: /staffs took 46.83 ms [] []
[2026-06-21T11:02:09.847605+00:00] request_logger.INFO: GET: /staffs took 38.31 ms [] []
[2026-06-21T11:02:13.774232+00:00] request_logger.INFO: GET: /staffs took 42.41 ms [] []
[2026-06-21T11:02:46.088689+00:00] request_logger.INFO: GET: /admin took 10.86 ms [] []
[2026-06-21T11:02:48.170110+00:00] request_logger.INFO: GET: /staffs took 20.11 ms [] []
[2026-06-21T11:02:50.655270+00:00] request_logger.INFO: GET: /staffs took 18.87 ms [] []
[2026-06-21T11:02:56.087115+00:00] request_logger.INFO: GET: /admin took 7.56 ms [] []
[2026-06-21T11:02:58.647136+00:00] request_logger.INFO: GET: /staffs took 29.6 ms [] []
[2026-06-21T11:02:59.454334+00:00] request_logger.INFO: GET: /staffs took 32.17 ms [] []
[2026-06-21T11:03:02.711635+00:00] request_logger.INFO: GET: /staffs took 41.89 ms [] []
[2026-06-21T11:03:09.582129+00:00] request_logger.INFO: GET: /staffs took 29.47 ms [] []
[2026-06-21T11:03:13.171958+00:00] request_logger.INFO: GET: /staffs took 35.85 ms [] []
[2026-06-21T11:03:16.361746+00:00] request_logger.INFO: GET: /staffs took 41.44 ms [] []
[2026-06-21T11:03:19.822155+00:00] request_logger.INFO: GET: /staffs took 19.63 ms [] []
[2026-06-21T11:03:20.961207+00:00] request_logger.INFO: GET: /staffs took 33.66 ms [] []
[2026-06-21T11:03:23.333489+00:00] request_logger.INFO: GET: /staffs took 44.01 ms [] []
[2026-06-21T11:03:23.772456+00:00] request_logger.INFO: GET: /staffs took 27.43 ms [] []
[2026-06-21T11:03:36.847443+00:00] request_logger.INFO: GET: /staffs took 21.09 ms [] []
[2026-06-21T11:03:39.814439+00:00] request_logger.INFO: GET: /staffs took 24.84 ms [] []
[2026-06-21T11:20:59.847378+00:00] request_logger.INFO: GET: /staffs took 25.06 ms [] []
[2026-06-21T11:21:03.274403+00:00] request_logger.INFO: GET: /staffs took 39.25 ms [] []
[2026-06-21T11:21:03.940386+00:00] request_logger.INFO: GET: / took 3.09 ms [] []
[2026-06-21T11:21:09.048185+00:00] request_logger.INFO: GET: /contact took 2.61 ms [] []
[2026-06-21T11:21:14.498385+00:00] request_logger.INFO: GET: / took 3.02 ms [] []
[2026-06-21T11:21:15.897861+00:00] request_logger.INFO: GET: /staffs took 22.94 ms [] []
[2026-06-21T11:21:16.715639+00:00] request_logger.INFO: GET: /staffs took 21.85 ms [] []
[2026-06-21T11:34:01.557942+00:00] request_logger.INFO: GET: /staffs took 45.66 ms [] []
[2026-06-21T11:34:04.179643+00:00] request_logger.INFO: GET: /staffs took 48.17 ms [] []
[2026-06-21T11:34:04.858747+00:00] request_logger.INFO: GET: /admin took 55.11 ms [] []
[2026-06-21T11:34:19.032365+00:00] request_logger.INFO: GET: /admin took 9.65 ms [] []
[2026-06-21T11:34:20.949569+00:00] request_logger.INFO: GET: /staffs took 18.42 ms [] []
[2026-06-21T11:34:23.181596+00:00] request_logger.INFO: GET: /staffs took 43.14 ms [] []
[2026-06-21T11:34:25.770115+00:00] request_logger.INFO: GET: /staffs took 29.4 ms [] []
[2026-06-21T11:34:28.566343+00:00] request_logger.INFO: GET: /staffs took 35.67 ms [] []
[2026-06-21T11:34:31.173259+00:00] request_logger.INFO: GET: /staffs took 28.99 ms [] []
[2026-06-21T11:34:32.776062+00:00] request_logger.INFO: GET: /admin took 23.79 ms [] []
[2026-06-21T11:34:33.563878+00:00] request_logger.INFO: GET: / took 3.14 ms [] []
[2026-06-21T11:34:35.580384+00:00] request_logger.INFO: GET: /contact took 3.15 ms [] []
[2026-06-21T11:34:39.238214+00:00] request_logger.INFO: GET: /about took 3.03 ms [] []
[2026-06-21T11:34:41.994083+00:00] request_logger.INFO: GET: /staffs took 37.51 ms [] []
[2026-06-21T11:58:35.361437+00:00] request_logger.INFO: GET: / took 15.07 ms [] []
[2026-06-21T11:58:36.407976+00:00] request_logger.INFO: GET: / took 5.77 ms [] []
[2026-06-21T11:58:37.481996+00:00] request_logger.INFO: GET: /admin took 24.18 ms [] []
[2026-06-21T11:58:38.572668+00:00] request_logger.INFO: GET: /admin took 19.53 ms [] []
[2026-06-21T11:58:39.403028+00:00] request_logger.INFO: GET: /admin took 24.65 ms [] []
[2026-06-21T11:58:39.830833+00:00] request_logger.INFO: GET: /staffs took 24.45 ms [] []
[2026-06-21T11:58:40.599494+00:00] request_logger.INFO: GET: /staffs took 30.36 ms [] []
[2026-06-21T11:58:40.962462+00:00] request_logger.INFO: GET: /staffs took 24.64 ms [] []
[2026-06-21T11:58:41.557573+00:00] request_logger.INFO: GET: / took 8 ms [] []
[2026-06-21T11:58:42.251305+00:00] request_logger.INFO: GET: / took 2.31 ms [] []
[2026-06-21T11:58:43.259002+00:00] request_logger.INFO: GET: /contact took 2.35 ms [] []
[2026-06-21T11:58:44.391057+00:00] request_logger.INFO: GET: /about took 8.31 ms [] []
[2026-06-21T11:58:44.828932+00:00] request_logger.INFO: GET: /admin took 40.33 ms [] []
[2026-06-21T12:04:04.546393+00:00] request_logger.INFO: GET: /admin took 35.02 ms [] []
[2026-06-21T12:46:20.334862+00:00] request_logger.INFO: GET: / took 14.21 ms [] []
[2026-06-21T12:46:21.130827+00:00] request_logger.INFO: GET: / took 5.9 ms [] []
[2026-06-21T13:00:36.985572+00:00] request_logger.INFO: GET: /admin/login took 29.94 ms [] []
[2026-06-21T13:00:45.916773+00:00] request_logger.INFO: GET: /admin/login took 7.7 ms [] []
[2026-06-21T13:00:53.242926+00:00] request_logger.INFO: GET: /admin/login took 4.81 ms [] []
[2026-06-21T13:06:29.528791+00:00] request_logger.INFO: GET: /admin/login took 17.69 ms [] []
[2026-06-21T13:06:53.648555+00:00] request_logger.INFO: GET: /admin/login took 3.09 ms [] []
[2026-06-21T13:07:45.959045+00:00] request_logger.INFO: GET: /admin/login took 10.08 ms [] []
[2026-06-21T13:07:55.927703+00:00] request_logger.INFO: GET: /admin/login took 8.21 ms [] []
[2026-06-21T13:08:16.637520+00:00] request_logger.INFO: GET: /admin/login took 6.02 ms [] []
[2026-06-21T13:08:31.819295+00:00] request_logger.INFO: GET: /admin/login took 4.86 ms [] []
[2026-06-21T13:08:31.853527+00:00] request_logger.INFO: GET: /admin/login took 2.03 ms [] []
[2026-06-21T13:09:20.511314+00:00] request_logger.INFO: GET: /admin/login took 2.68 ms [] []
[2026-06-21T13:09:20.545564+00:00] request_logger.INFO: GET: /admin/login took 2.01 ms [] []
[2026-06-21T13:10:09.390280+00:00] request_logger.INFO: GET: /admin/login took 4.6 ms [] []
[2026-06-21T13:36:23.661518+00:00] request_logger.INFO: GET: /admin/login took 688.93 ms [] []
[2026-06-21T13:36:36.169246+00:00] request_logger.INFO: GET: /admin/login took 6.74 ms [] []
[2026-06-21T13:36:44.997937+00:00] request_logger.INFO: GET: /admin/login took 5.38 ms [] []
[2026-06-21T13:38:51.858471+00:00] request_logger.INFO: GET: /admin/login took 12.85 ms [] []
[2026-06-21T13:38:51.974195+00:00] request_logger.INFO: GET: /admin/ took 20.63 ms [] []
[2026-06-21T13:38:52.023738+00:00] request_logger.INFO: GET: /admin/users took 45.46 ms [] []
[2026-06-21T13:38:52.028923+00:00] request_logger.INFO: GET: /admin/users/create took 2.08 ms [] []
[2026-06-21T13:38:52.054873+00:00] request_logger.INFO: GET: /admin/users took 5.95 ms [] []
[2026-06-21T13:39:02.771329+00:00] request_logger.INFO: GET: /admin/login took 5.52 ms [] []
[2026-06-21T13:39:35.487246+00:00] request_logger.INFO: GET: /admin/ took 41.51 ms [] []
[2026-06-21T13:40:18.602976+00:00] request_logger.INFO: GET: /admin/login took 4.62 ms [] []
[2026-06-21T13:41:52.376291+00:00] request_logger.INFO: GET: /admin/users took 13.85 ms [] []
[2026-06-21T13:42:29.244502+00:00] request_logger.INFO: GET: /admin/ took 45.91 ms [] []
[2026-06-21T13:48:48.565708+00:00] request_logger.INFO: GET: / took 160.68 ms [] []
[2026-06-21T13:48:52.173869+00:00] request_logger.INFO: GET: / took 7.42 ms [] []
[2026-06-21T13:48:53.251537+00:00] request_logger.INFO: GET: /admin/login took 6.46 ms [] []
[2026-06-21T13:48:54.171587+00:00] request_logger.INFO: GET: /admin/login took 2.11 ms [] []
[2026-06-21T13:49:02.555389+00:00] request_logger.INFO: GET: /admin/ took 23.43 ms [] []
[2026-06-21T13:49:05.015982+00:00] request_logger.INFO: GET: /admin/ took 17.07 ms [] []
[2026-06-21T13:49:10.671074+00:00] request_logger.INFO: GET: /admin/users took 29.12 ms [] []
[2026-06-21T13:49:12.590293+00:00] request_logger.INFO: GET: /admin/users/12/edit took 29.8 ms [] []
[2026-06-21T13:49:16.539943+00:00] request_logger.INFO: GET: /admin/users/15/edit took 6.93 ms [] []
[2026-06-21T13:49:20.444314+00:00] request_logger.INFO: GET: /admin/users/20/edit took 14.44 ms [] []
[2026-06-21T13:49:21.820794+00:00] request_logger.INFO: GET: /admin/users took 19.25 ms [] []
[2026-06-21T13:49:26.025494+00:00] request_logger.INFO: GET: /admin/users/create took 2.53 ms [] []
[2026-06-21T13:49:28.051486+00:00] request_logger.INFO: GET: /admin/users took 30.36 ms [] []
[2026-06-21T13:49:30.939309+00:00] request_logger.INFO: GET: /admin/users took 26.96 ms [] []
[2026-06-21T13:49:31.818899+00:00] request_logger.INFO: GET: /admin/users took 21.86 ms [] []
[2026-06-21T13:49:32.501798+00:00] request_logger.INFO: GET: /admin/ took 18.74 ms [] []
[2026-06-21T13:57:15.686965+00:00] request_logger.INFO: GET: /admin/login took 5.37 ms [] []
[2026-06-21T13:57:15.845094+00:00] request_logger.INFO: GET: /admin/ took 41.71 ms [] []
[2026-06-21T13:57:15.890819+00:00] request_logger.INFO: GET: /admin/users took 29.36 ms [] []
[2026-06-21T13:57:27.778942+00:00] request_logger.INFO: GET: /admin/ took 42.79 ms [] []
[2026-06-21T13:57:39.552973+00:00] request_logger.INFO: GET: / took 8.25 ms [] []
[2026-06-21T13:57:40.865232+00:00] request_logger.INFO: GET: / took 2.49 ms [] []
[2026-06-21T13:57:43.008026+00:00] request_logger.INFO: GET: /admin/ took 21.42 ms [] []
[2026-06-21T13:57:43.857901+00:00] request_logger.INFO: GET: /admin/ took 32.24 ms [] []
[2026-06-21T13:57:49.400551+00:00] request_logger.INFO: GET: /admin/users took 37.5 ms [] []
[2026-06-21T13:57:51.949872+00:00] request_logger.INFO: GET: /admin/ took 29.89 ms [] []
[2026-06-21T13:57:55.885649+00:00] request_logger.INFO: GET: /admin/users took 21.24 ms [] []
[2026-06-21T14:01:29.400699+00:00] request_logger.INFO: GET: /admin/users took 33.77 ms [] []
